c:\users\plato\source\repos\labyrinth\labyrinth\debug\vc143.pdb
c:\users\plato\source\repos\labyrinth\labyrinth\debug\vc143.idb
c:\users\plato\source\repos\labyrinth\labyrinth\debug\player.obj
c:\users\plato\source\repos\labyrinth\labyrinth\debug\moveentity.obj
c:\users\plato\source\repos\labyrinth\labyrinth\debug\money.obj
c:\users\plato\source\repos\labyrinth\labyrinth\debug\map.obj
c:\users\plato\source\repos\labyrinth\labyrinth\debug\labyrinth.obj
c:\users\plato\source\repos\labyrinth\labyrinth\debug\keyppressedaction.obj
c:\users\plato\source\repos\labyrinth\labyrinth\debug\entity.obj
c:\users\plato\source\repos\labyrinth\labyrinth\debug\engine.obj
c:\users\plato\source\repos\labyrinth\labyrinth\debug\camera.obj
c:\users\plato\source\repos\labyrinth\debug\labyrinth.pdb
c:\users\plato\source\repos\labyrinth\labyrinth\debug\labyrinth.tlog\cl.command.1.tlog
c:\users\plato\source\repos\labyrinth\labyrinth\debug\labyrinth.tlog\cl.read.1.tlog
c:\users\plato\source\repos\labyrinth\labyrinth\debug\labyrinth.tlog\cl.write.1.tlog
c:\users\plato\source\repos\labyrinth\labyrinth\debug\labyrinth.tlog\link-cvtres.read.1.tlog
c:\users\plato\source\repos\labyrinth\labyrinth\debug\labyrinth.tlog\link-cvtres.write.1.tlog
c:\users\plato\source\repos\labyrinth\labyrinth\debug\labyrinth.tlog\link-rc.read.1.tlog
c:\users\plato\source\repos\labyrinth\labyrinth\debug\labyrinth.tlog\link-rc.write.1.tlog
c:\users\plato\source\repos\labyrinth\labyrinth\debug\labyrinth.tlog\link.command.1.tlog
c:\users\plato\source\repos\labyrinth\labyrinth\debug\labyrinth.tlog\link.read.1.tlog
c:\users\plato\source\repos\labyrinth\labyrinth\debug\labyrinth.tlog\link.write.1.tlog
